<?xml version="1.0" encoding="UTF-8"?>
<!-- Generated by org.testng.reporters.JUnitXMLReporter -->
<testsuite ignored="0" hostname="DESKTOP-BSE1BNU" failures="0" tests="4" name="Default test" time="26.603" errors="0" timestamp="12 Oct 2020 02:04:04 GMT">
  <testcase classname="com.automationpractice.test.HomePageTest" name="verifyPageTitle" time="0.027"/>
  <testcase classname="com.automationpractice.test.HomePageTest" name="autoSuggestCheck" time="1.563"/>
  <testcase classname="com.automationpractice.test.HomePageTest" name="signInLink" time="0.122"/>
  <testcase classname="com.automationpractice.test.HomePageTest" name="LogniInCheck" time="10.747"/>
</testsuite> <!-- Default test -->
