<?xml version="1.0" encoding="UTF-8"?>
<!-- Generated by org.testng.reporters.JUnitXMLReporter -->
<testsuite ignored="0" hostname="DESKTOP-BSE1BNU" failures="0" tests="4" name="Test" time="23.319" errors="0" timestamp="12 Oct 2020 02:16:08 GMT">
  <testcase classname="com.automationpractice.test.HomePageTest" name="verifyPageTitle" time="0.008"/>
  <testcase classname="com.automationpractice.test.HomePageTest" name="autoSuggestCheck" time="1.394"/>
  <testcase classname="com.automationpractice.test.HomePageTest" name="signInLink" time="0.061"/>
  <testcase classname="com.automationpractice.test.HomePageTest" name="LogniInCheck" time="6.608"/>
</testsuite> <!-- Test -->
