<?xml version="1.0" encoding="UTF-8"?>
<testng-results ignored="0" total="4" passed="4" failed="0" skipped="0">
  <reporter-output>
  </reporter-output>
  <suite started-at="2020-10-12T02:15:45Z" name="Suite" finished-at="2020-10-12T02:16:08Z" duration-ms="23319">
    <groups>
    </groups>
    <test started-at="2020-10-12T02:15:45Z" name="Test" finished-at="2020-10-12T02:16:08Z" duration-ms="23319">
      <class name="com.automationpractice.test.HomePageTest">
        <test-method is-config="true" signature="setUP()[pri:0, instance:com.automationpractice.test.HomePageTest@18317edc]" started-at="2020-10-12T07:45:45Z" name="setUP" finished-at="2020-10-12T07:45:59Z" duration-ms="14571" status="PASS">
          <reporter-output>
          </reporter-output>
        </test-method> <!-- setUP -->
        <test-method signature="verifyPageTitle()[pri:0, instance:com.automationpractice.test.HomePageTest@18317edc]" started-at="2020-10-12T07:45:59Z" name="verifyPageTitle" finished-at="2020-10-12T07:45:59Z" duration-ms="8" status="PASS">
          <reporter-output>
          </reporter-output>
        </test-method> <!-- verifyPageTitle -->
        <test-method signature="autoSuggestCheck()[pri:1, instance:com.automationpractice.test.HomePageTest@18317edc]" started-at="2020-10-12T07:45:59Z" name="autoSuggestCheck" finished-at="2020-10-12T07:46:01Z" duration-ms="1394" status="PASS">
          <reporter-output>
          </reporter-output>
        </test-method> <!-- autoSuggestCheck -->
        <test-method signature="signInLink()[pri:2, instance:com.automationpractice.test.HomePageTest@18317edc]" started-at="2020-10-12T07:46:01Z" name="signInLink" finished-at="2020-10-12T07:46:01Z" duration-ms="61" status="PASS">
          <reporter-output>
          </reporter-output>
        </test-method> <!-- signInLink -->
        <test-method signature="LogniInCheck()[pri:3, instance:com.automationpractice.test.HomePageTest@18317edc]" started-at="2020-10-12T07:46:01Z" name="LogniInCheck" finished-at="2020-10-12T07:46:08Z" duration-ms="6608" status="PASS">
          <reporter-output>
          </reporter-output>
        </test-method> <!-- LogniInCheck -->
        <test-method is-config="true" signature="tearDown()[pri:0, instance:com.automationpractice.test.HomePageTest@18317edc]" started-at="2020-10-12T07:46:08Z" name="tearDown" finished-at="2020-10-12T07:46:08Z" duration-ms="654" status="PASS">
          <reporter-output>
          </reporter-output>
        </test-method> <!-- tearDown -->
      </class> <!-- com.automationpractice.test.HomePageTest -->
    </test> <!-- Test -->
  </suite> <!-- Suite -->
</testng-results>
