<?xml version="1.0" encoding="UTF-8"?>
<testng-results ignored="0" total="4" passed="4" failed="0" skipped="0">
  <reporter-output>
  </reporter-output>
  <suite started-at="2020-10-12T02:03:37Z" name="Default suite" finished-at="2020-10-12T02:04:04Z" duration-ms="26603">
    <groups>
    </groups>
    <test started-at="2020-10-12T02:03:37Z" name="Default test" finished-at="2020-10-12T02:04:04Z" duration-ms="26603">
      <class name="com.automationpractice.test.HomePageTest">
        <test-method is-config="true" signature="setUP()[pri:0, instance:com.automationpractice.test.HomePageTest@6986852]" started-at="2020-10-12T07:33:37Z" name="setUP" finished-at="2020-10-12T07:33:51Z" duration-ms="13435" status="PASS">
          <reporter-output>
          </reporter-output>
        </test-method> <!-- setUP -->
        <test-method signature="verifyPageTitle()[pri:0, instance:com.automationpractice.test.HomePageTest@6986852]" started-at="2020-10-12T07:33:51Z" name="verifyPageTitle" finished-at="2020-10-12T07:33:51Z" duration-ms="27" status="PASS">
          <reporter-output>
          </reporter-output>
        </test-method> <!-- verifyPageTitle -->
        <test-method signature="autoSuggestCheck()[pri:1, instance:com.automationpractice.test.HomePageTest@6986852]" started-at="2020-10-12T07:33:51Z" name="autoSuggestCheck" finished-at="2020-10-12T07:33:52Z" duration-ms="1563" status="PASS">
          <reporter-output>
          </reporter-output>
        </test-method> <!-- autoSuggestCheck -->
        <test-method signature="signInLink()[pri:2, instance:com.automationpractice.test.HomePageTest@6986852]" started-at="2020-10-12T07:33:52Z" name="signInLink" finished-at="2020-10-12T07:33:52Z" duration-ms="122" status="PASS">
          <reporter-output>
          </reporter-output>
        </test-method> <!-- signInLink -->
        <test-method signature="LogniInCheck()[pri:3, instance:com.automationpractice.test.HomePageTest@6986852]" started-at="2020-10-12T07:33:52Z" name="LogniInCheck" finished-at="2020-10-12T07:34:03Z" duration-ms="10747" status="PASS">
          <reporter-output>
          </reporter-output>
        </test-method> <!-- LogniInCheck -->
        <test-method is-config="true" signature="tearDown()[pri:0, instance:com.automationpractice.test.HomePageTest@6986852]" started-at="2020-10-12T07:34:03Z" name="tearDown" finished-at="2020-10-12T07:34:04Z" duration-ms="672" status="PASS">
          <reporter-output>
          </reporter-output>
        </test-method> <!-- tearDown -->
      </class> <!-- com.automationpractice.test.HomePageTest -->
    </test> <!-- Default test -->
  </suite> <!-- Default suite -->
</testng-results>
